
> giftaura@0.1.0 build
> next build

▲ Next.js 16.1.6 (Turbopack)
- Environments: .env

  Creating an optimized production build ...

> Build error occurred
Error: Turbopack build failed with 9 errors:
./src/app/api/products/[id]/reviews/route.ts:5:1
Export authOptions doesn't exist in target module
[0m [90m 3 |[39m [36mimport[39m [33mProduct[39m [36mfrom[39m [32m"@/models/Product"[39m[33m;[39m
 [90m 4 |[39m [36mimport[39m { getServerSession } [36mfrom[39m [32m"next-auth/next"[39m[33m;[39m
[31m[1m>[22m[39m[90m 5 |[39m [36mimport[39m { authOptions } [36mfrom[39m [32m"@/auth"[39m[33m;[39m
 [90m   |[39m [31m[1m^[22m[39m[31m[1m^[22m[39m[31m[1m^[22m[39m[31m[1m^[22m[39m[31m[1m^[22m[39m[31m[1m^[22m[39m[31m[1m^[22m[39m[31m[1m^[22m[39m[31m[1m^[22m[39m[31m[1m^[22m[39m[31m[1m^[22m[39m[31m[1m^[22m[39m[31m[1m^[22m[39m[31m[1m^[22m[39m[31m[1m^[22m[39m[31m[1m^[22m[39m[31m[1m^[22m[39m[31m[1m^[22m[39m[31m[1m^[22m[39m[31m[1m^[22m[39m[31m[1m^[22m[39m[31m[1m^[22m[39m[31m[1m^[22m[39m[31m[1m^[22m[39m[31m[1m^[22m[39m[31m[1m^[22m[39m[31m[1m^[22m[39m[31m[1m^[22m[39m[31m[1m^[22m[39m[31m[1m^[22m[39m[31m[1m^[22m[39m[31m[1m^[22m[39m[31m[1m^[22m[39m[31m[1m^[22m[39m[31m[1m^[22m[39m[31m[1m^[22m[39m[31m[1m^[22m[39m
 [90m 6 |[39m
 [90m 7 |[39m [36mexport[39m [36masync[39m [36mfunction[39m [33mPOST[39m(req[33m:[39m [33mNextRequest[39m[33m,[39m { params }[33m:[39m { params[33m:[39m [33mPromise[39m[33m<[39m{ id[33m:[39m string }[33m>[39m }) {
 [90m 8 |[39m     [36mtry[39m {[0m

The export authOptions was not found in module [project]/src/auth.ts [app-route] (ecmascript).
Did you mean to import auth?
All exports of the module are statically known (It doesn't have dynamic exports). So it's known statically that the requested export doesn't exist.


./src/app/api/user/addresses/route.ts:5:1
Export authOptions doesn't exist in target module
[0m [90m 3 |[39m [36mimport[39m [33mUser[39m [36mfrom[39m [32m"@/models/User"[39m[33m;[39m
 [90m 4 |[39m [36mimport[39m { getServerSession } [36mfrom[39m [32m"next-auth/next"[39m[33m;[39m
[31m[1m>[22m[39m[90m 5 |[39m [36mimport[39m { authOptions } [36mfrom[39m [32m"@/auth"[39m[33m;[39m
 [90m   |[39m [31m[1m^[22m[39m[31m[1m^[22m[39m[31m[1m^[22m[39m[31m[1m^[22m[39m[31m[1m^[22m[39m[31m[1m^[22m[39m[31m[1m^[22m[39m[31m[1m^[22m[39m[31m[1m^[22m[39m[31m[1m^[22m[39m[31m[1m^[22m[39m[31m[1m^[22m[39m[31m[1m^[22m[39m[31m[1m^[22m[39m[31m[1m^[22m[39m[31m[1m^[22m[39m[31m[1m^[22m[39m[31m[1m^[22m[39m[31m[1m^[22m[39m[31m[1m^[22m[39m[31m[1m^[22m[39m[31m[1m^[22m[39m[31m[1m^[22m[39m[31m[1m^[22m[39m[31m[1m^[22m[39m[31m[1m^[22m[39m[31m[1m^[22m[39m[31m[1m^[22m[39m[31m[1m^[22m[39m[31m[1m^[22m[39m[31m[1m^[22m[39m[31m[1m^[22m[39m[31m[1m^[22m[39m[31m[1m^[22m[39m[31m[1m^[22m[39m[31m[1m^[22m[39m[31m[1m^[22m[39m
 [90m 6 |[39m
 [90m 7 |[39m [90m// GET user's addresses[39m
 [90m 8 |[39m [36mexport[39m [36masync[39m [36mfunction[39m [33mGET[39m() {[0m

The export authOptions was not found in module [project]/src/auth.ts [app-route] (ecmascript).
Did you mean to import auth?
All exports of the module are statically known (It doesn't have dynamic exports). So it's known statically that the requested export doesn't exist.


./src/app/api/user/wishlist/route.ts:5:1
Export authOptions doesn't exist in target module
[0m [90m 3 |[39m [36mimport[39m [33mUser[39m [36mfrom[39m [32m"@/models/User"[39m[33m;[39m
 [90m 4 |[39m [36mimport[39m { getServerSession } [36mfrom[39m [32m"next-auth/next"[39m[33m;[39m
[31m[1m>[22m[39m[90m 5 |[39m [36mimport[39m { authOptions } [36mfrom[39m [32m"@/auth"[39m[33m;[39m
 [90m   |[39m [31m[1m^[22m[39m[31m[1m^[22m[39m[31m[1m^[22m[39m[31m[1m^[22m[39m[31m[1m^[22m[39m[31m[1m^[22m[39m[31m[1m^[22m[39m[31m[1m^[22m[39m[31m[1m^[22m[39m[31m[1m^[22m[39m[31m[1m^[22m[39m[31m[1m^[22m[39m[31m[1m^[22m[39m[31m[1m^[22m[39m[31m[1m^[22m[39m[31m[1m^[22m[39m[31m[1m^[22m[39m[31m[1m^[22m[39m[31m[1m^[22m[39m[31m[1m^[22m[39m[31m[1m^[22m[39m[31m[1m^[22m[39m[31m[1m^[22m[39m[31m[1m^[22m[39m[31m[1m^[22m[39m[31m[1m^[22m[39m[31m[1m^[22m[39m[31m[1m^[22m[39m[31m[1m^[22m[39m[31m[1m^[22m[39m[31m[1m^[22m[39m[31m[1m^[22m[39m[31m[1m^[22m[39m[31m[1m^[22m[39m[31m[1m^[22m[39m[31m[1m^[22m[39m[31m[1m^[22m[39m
 [90m 6 |[39m
 [90m 7 |[39m [90m// GET user's wishlist[39m
 [90m 8 |[39m [36mexport[39m [36masync[39m [36mfunction[39m [33mGET[39m() {[0m

The export authOptions was not found in module [project]/src/auth.ts [app-route] (ecmascript).
Did you mean to import auth?
All exports of the module are statically known (It doesn't have dynamic exports). So it's known statically that the requested export doesn't exist.


./src/app/api/products/[id]/reviews/route.ts:2:1
Export connectToDatabase doesn't exist in target module
[0m [90m 1 |[39m [36mimport[39m { [33mNextRequest[39m[33m,[39m [33mNextResponse[39m } [36mfrom[39m [32m"next/server"[39m[33m;[39m
[31m[1m>[22m[39m[90m 2 |[39m [36mimport[39m { connectToDatabase } [36mfrom[39m [32m"@/lib/db"[39m[33m;[39m
 [90m   |[39m [31m[1m^[22m[39m[31m[1m^[22m[39m[31m[1m^[22m[39m[31m[1m^[22m[39m[31m[1m^[22m[39m[31m[1m^[22m[39m[31m[1m^[22m[39m[31m[1m^[22m[39m[31m[1m^[22m[39m[31m[1m^[22m[39m[31m[1m^[22m[39m[31m[1m^[22m[39m[31m[1m^[22m[39m[31m[1m^[22m[39m[31m[1m^[22m[39m[31m[1m^[22m[39m[31m[1m^[22m[39m[31m[1m^[22m[39m[31m[1m^[22m[39m[31m[1m^[22m[39m[31m[1m^[22m[39m[31m[1m^[22m[39m[31m[1m^[22m[39m[31m[1m^[22m[39m[31m[1m^[22m[39m[31m[1m^[22m[39m[31m[1m^[22m[39m[31m[1m^[22m[39m[31m[1m^[22m[39m[31m[1m^[22m[39m[31m[1m^[22m[39m[31m[1m^[22m[39m[31m[1m^[22m[39m[31m[1m^[22m[39m[31m[1m^[22m[39m[31m[1m^[22m[39m[31m[1m^[22m[39m[31m[1m^[22m[39m[31m[1m^[22m[39m[31m[1m^[22m[39m[31m[1m^[22m[39m[31m[1m^[22m[39m[31m[1m^[22m[39m[31m[1m^[22m[39m[31m[1m^[22m[39m
 [90m 3 |[39m [36mimport[39m [33mProduct[39m [36mfrom[39m [32m"@/models/Product"[39m[33m;[39m
 [90m 4 |[39m [36mimport[39m { getServerSession } [36mfrom[39m [32m"next-auth/next"[39m[33m;[39m
 [90m 5 |[39m [36mimport[39m { authOptions } [36mfrom[39m [32m"@/auth"[39m[33m;[39m[0m

The export connectToDatabase was not found in module [project]/src/lib/db.ts [app-route] (ecmascript).
Did you mean to import default?
All exports of the module are statically known (It doesn't have dynamic exports). So it's known statically that the requested export doesn't exist.


./src/app/api/user/addresses/route.ts:2:1
Export connectToDatabase doesn't exist in target module
[0m [90m 1 |[39m [36mimport[39m { [33mNextResponse[39m } [36mfrom[39m [32m"next/server"[39m[33m;[39m
[31m[1m>[22m[39m[90m 2 |[39m [36mimport[39m { connectToDatabase } [36mfrom[39m [32m"@/lib/db"[39m[33m;[39m
 [90m   |[39m [31m[1m^[22m[39m[31m[1m^[22m[39m[31m[1m^[22m[39m[31m[1m^[22m[39m[31m[1m^[22m[39m[31m[1m^[22m[39m[31m[1m^[22m[39m[31m[1m^[22m[39m[31m[1m^[22m[39m[31m[1m^[22m[39m[31m[1m^[22m[39m[31m[1m^[22m[39m[31m[1m^[22m[39m[31m[1m^[22m[39m[31m[1m^[22m[39m[31m[1m^[22m[39m[31m[1m^[22m[39m[31m[1m^[22m[39m[31m[1m^[22m[39m[31m[1m^[22m[39m[31m[1m^[22m[39m[31m[1m^[22m[39m[31m[1m^[22m[39m[31m[1m^[22m[39m[31m[1m^[22m[39m[31m[1m^[22m[39m[31m[1m^[22m[39m[31m[1m^[22m[39m[31m[1m^[22m[39m[31m[1m^[22m[39m[31m[1m^[22m[39m[31m[1m^[22m[39m[31m[1m^[22m[39m[31m[1m^[22m[39m[31m[1m^[22m[39m[31m[1m^[22m[39m[31m[1m^[22m[39m[31m[1m^[22m[39m[31m[1m^[22m[39m[31m[1m^[22m[39m[31m[1m^[22m[39m[31m[1m^[22m[39m[31m[1m^[22m[39m[31m[1m^[22m[39m[31m[1m^[22m[39m
 [90m 3 |[39m [36mimport[39m [33mUser[39m [36mfrom[39m [32m"@/models/User"[39m[33m;[39m
 [90m 4 |[39m [36mimport[39m { getServerSession } [36mfrom[39m [32m"next-auth/next"[39m[33m;[39m
 [90m 5 |[39m [36mimport[39m { authOptions } [36mfrom[39m [32m"@/auth"[39m[33m;[39m[0m

The export connectToDatabase was not found in module [project]/src/lib/db.ts [app-route] (ecmascript).
Did you mean to import default?
All exports of the module are statically known (It doesn't have dynamic exports). So it's known statically that the requested export doesn't exist.


./src/app/api/user/wishlist/route.ts:2:1
Export connectToDatabase doesn't exist in target module
[0m [90m 1 |[39m [36mimport[39m { [33mNextResponse[39m } [36mfrom[39m [32m"next/server"[39m[33m;[39m
[31m[1m>[22m[39m[90m 2 |[39m [36mimport[39m { connectToDatabase } [36mfrom[39m [32m"@/lib/db"[39m[33m;[39m
 [90m   |[39m [31m[1m^[22m[39m[31m[1m^[22m[39m[31m[1m^[22m[39m[31m[1m^[22m[39m[31m[1m^[22m[39m[31m[1m^[22m[39m[31m[1m^[22m[39m[31m[1m^[22m[39m[31m[1m^[22m[39m[31m[1m^[22m[39m[31m[1m^[22m[39m[31m[1m^[22m[39m[31m[1m^[22m[39m[31m[1m^[22m[39m[31m[1m^[22m[39m[31m[1m^[22m[39m[31m[1m^[22m[39m[31m[1m^[22m[39m[31m[1m^[22m[39m[31m[1m^[22m[39m[31m[1m^[22m[39m[31m[1m^[22m[39m[31m[1m^[22m[39m[31m[1m^[22m[39m[31m[1m^[22m[39m[31m[1m^[22m[39m[31m[1m^[22m[39m[31m[1m^[22m[39m[31m[1m^[22m[39m[31m[1m^[22m[39m[31m[1m^[22m[39m[31m[1m^[22m[39m[31m[1m^[22m[39m[31m[1m^[22m[39m[31m[1m^[22m[39m[31m[1m^[22m[39m[31m[1m^[22m[39m[31m[1m^[22m[39m[31m[1m^[22m[39m[31m[1m^[22m[39m[31m[1m^[22m[39m[31m[1m^[22m[39m[31m[1m^[22m[39m[31m[1m^[22m[39m[31m[1m^[22m[39m
 [90m 3 |[39m [36mimport[39m [33mUser[39m [36mfrom[39m [32m"@/models/User"[39m[33m;[39m
 [90m 4 |[39m [36mimport[39m { getServerSession } [36mfrom[39m [32m"next-auth/next"[39m[33m;[39m
 [90m 5 |[39m [36mimport[39m { authOptions } [36mfrom[39m [32m"@/auth"[39m[33m;[39m[0m

The export connectToDatabase was not found in module [project]/src/lib/db.ts [app-route] (ecmascript).
Did you mean to import default?
All exports of the module are statically known (It doesn't have dynamic exports). So it's known statically that the requested export doesn't exist.


./src/app/api/products/[id]/reviews/route.ts:4:1
Export getServerSession doesn't exist in target module
[0m [90m 2 |[39m [36mimport[39m { connectToDatabase } [36mfrom[39m [32m"@/lib/db"[39m[33m;[39m
 [90m 3 |[39m [36mimport[39m [33mProduct[39m [36mfrom[39m [32m"@/models/Product"[39m[33m;[39m
[31m[1m>[22m[39m[90m 4 |[39m [36mimport[39m { getServerSession } [36mfrom[39m [32m"next-auth/next"[39m[33m;[39m
 [90m   |[39m [31m[1m^[22m[39m[31m[1m^[22m[39m[31m[1m^[22m[39m[31m[1m^[22m[39m[31m[1m^[22m[39m[31m[1m^[22m[39m[31m[1m^[22m[39m[31m[1m^[22m[39m[31m[1m^[22m[39m[31m[1m^[22m[39m[31m[1m^[22m[39m[31m[1m^[22m[39m[31m[1m^[22m[39m[31m[1m^[22m[39m[31m[1m^[22m[39m[31m[1m^[22m[39m[31m[1m^[22m[39m[31m[1m^[22m[39m[31m[1m^[22m[39m[31m[1m^[22m[39m[31m[1m^[22m[39m[31m[1m^[22m[39m[31m[1m^[22m[39m[31m[1m^[22m[39m[31m[1m^[22m[39m[31m[1m^[22m[39m[31m[1m^[22m[39m[31m[1m^[22m[39m[31m[1m^[22m[39m[31m[1m^[22m[39m[31m[1m^[22m[39m[31m[1m^[22m[39m[31m[1m^[22m[39m[31m[1m^[22m[39m[31m[1m^[22m[39m[31m[1m^[22m[39m[31m[1m^[22m[39m[31m[1m^[22m[39m[31m[1m^[22m[39m[31m[1m^[22m[39m[31m[1m^[22m[39m[31m[1m^[22m[39m[31m[1m^[22m[39m[31m[1m^[22m[39m[31m[1m^[22m[39m[31m[1m^[22m[39m[31m[1m^[22m[39m[31m[1m^[22m[39m[31m[1m^[22m[39m[31m[1m^[22m[39m
 [90m 5 |[39m [36mimport[39m { authOptions } [36mfrom[39m [32m"@/auth"[39m[33m;[39m
 [90m 6 |[39m
 [90m 7 |[39m [36mexport[39m [36masync[39m [36mfunction[39m [33mPOST[39m(req[33m:[39m [33mNextRequest[39m[33m,[39m { params }[33m:[39m { params[33m:[39m [33mPromise[39m[33m<[39m{ id[33m:[39m string }[33m>[39m }) {[0m

The export getServerSession was not found in module [project]/node_modules/next-auth/next.js [app-route] (ecmascript).
The module has no exports at all.
All exports of the module are statically known (It doesn't have dynamic exports). So it's known statically that the requested export doesn't exist.


./src/app/api/user/addresses/route.ts:4:1
Export getServerSession doesn't exist in target module
[0m [90m 2 |[39m [36mimport[39m { connectToDatabase } [36mfrom[39m [32m"@/lib/db"[39m[33m;[39m
 [90m 3 |[39m [36mimport[39m [33mUser[39m [36mfrom[39m [32m"@/models/User"[39m[33m;[39m
[31m[1m>[22m[39m[90m 4 |[39m [36mimport[39m { getServerSession } [36mfrom[39m [32m"next-auth/next"[39m[33m;[39m
 [90m   |[39m [31m[1m^[22m[39m[31m[1m^[22m[39m[31m[1m^[22m[39m[31m[1m^[22m[39m[31m[1m^[22m[39m[31m[1m^[22m[39m[31m[1m^[22m[39m[31m[1m^[22m[39m[31m[1m^[22m[39m[31m[1m^[22m[39m[31m[1m^[22m[39m[31m[1m^[22m[39m[31m[1m^[22m[39m[31m[1m^[22m[39m[31m[1m^[22m[39m[31m[1m^[22m[39m[31m[1m^[22m[39m[31m[1m^[22m[39m[31m[1m^[22m[39m[31m[1m^[22m[39m[31m[1m^[22m[39m[31m[1m^[22m[39m[31m[1m^[22m[39m[31m[1m^[22m[39m[31m[1m^[22m[39m[31m[1m^[22m[39m[31m[1m^[22m[39m[31m[1m^[22m[39m[31m[1m^[22m[39m[31m[1m^[22m[39m[31m[1m^[22m[39m[31m[1m^[22m[39m[31m[1m^[22m[39m[31m[1m^[22m[39m[31m[1m^[22m[39m[31m[1m^[22m[39m[31m[1m^[22m[39m[31m[1m^[22m[39m[31m[1m^[22m[39m[31m[1m^[22m[39m[31m[1m^[22m[39m[31m[1m^[22m[39m[31m[1m^[22m[39m[31m[1m^[22m[39m[31m[1m^[22m[39m[31m[1m^[22m[39m[31m[1m^[22m[39m[31m[1m^[22m[39m[31m[1m^[22m[39m[31m[1m^[22m[39m
 [90m 5 |[39m [36mimport[39m { authOptions } [36mfrom[39m [32m"@/auth"[39m[33m;[39m
 [90m 6 |[39m
 [90m 7 |[39m [90m// GET user's addresses[39m[0m

The export getServerSession was not found in module [project]/node_modules/next-auth/next.js [app-route] (ecmascript).
The module has no exports at all.
All exports of the module are statically known (It doesn't have dynamic exports). So it's known statically that the requested export doesn't exist.


./src/app/api/user/wishlist/route.ts:4:1
Export getServerSession doesn't exist in target module
[0m [90m 2 |[39m [36mimport[39m { connectToDatabase } [36mfrom[39m [32m"@/lib/db"[39m[33m;[39m
 [90m 3 |[39m [36mimport[39m [33mUser[39m [36mfrom[39m [32m"@/models/User"[39m[33m;[39m
[31m[1m>[22m[39m[90m 4 |[39m [36mimport[39m { getServerSession } [36mfrom[39m [32m"next-auth/next"[39m[33m;[39m
 [90m   |[39m [31m[1m^[22m[39m[31m[1m^[22m[39m[31m[1m^[22m[39m[31m[1m^[22m[39m[31m[1m^[22m[39m[31m[1m^[22m[39m[31m[1m^[22m[39m[31m[1m^[22m[39m[31m[1m^[22m[39m[31m[1m^[22m[39m[31m[1m^[22m[39m[31m[1m^[22m[39m[31m[1m^[22m[39m[31m[1m^[22m[39m[31m[1m^[22m[39m[31m[1m^[22m[39m[31m[1m^[22m[39m[31m[1m^[22m[39m[31m[1m^[22m[39m[31m[1m^[22m[39m[31m[1m^[22m[39m[31m[1m^[22m[39m[31m[1m^[22m[39m[31m[1m^[22m[39m[31m[1m^[22m[39m[31m[1m^[22m[39m[31m[1m^[22m[39m[31m[1m^[22m[39m[31m[1m^[22m[39m[31m[1m^[22m[39m[31m[1m^[22m[39m[31m[1m^[22m[39m[31m[1m^[22m[39m[31m[1m^[22m[39m[31m[1m^[22m[39m[31m[1m^[22m[39m[31m[1m^[22m[39m[31m[1m^[22m[39m[31m[1m^[22m[39m[31m[1m^[22m[39m[31m[1m^[22m[39m[31m[1m^[22m[39m[31m[1m^[22m[39m[31m[1m^[22m[39m[31m[1m^[22m[39m[31m[1m^[22m[39m[31m[1m^[22m[39m[31m[1m^[22m[39m[31m[1m^[22m[39m[31m[1m^[22m[39m
 [90m 5 |[39m [36mimport[39m { authOptions } [36mfrom[39m [32m"@/auth"[39m[33m;[39m
 [90m 6 |[39m
 [90m 7 |[39m [90m// GET user's wishlist[39m[0m

The export getServerSession was not found in module [project]/node_modules/next-auth/next.js [app-route] (ecmascript).
The module has no exports at all.
All exports of the module are statically known (It doesn't have dynamic exports). So it's known statically that the requested export doesn't exist.


    at <unknown> (./src/app/api/products/[id]/reviews/route.ts:5:1)
    at <unknown> (./src/app/api/user/addresses/route.ts:5:1)
    at <unknown> (./src/app/api/user/wishlist/route.ts:5:1)
    at <unknown> (./src/app/api/products/[id]/reviews/route.ts:2:1)
    at <unknown> (./src/app/api/user/addresses/route.ts:2:1)
    at <unknown> (./src/app/api/user/wishlist/route.ts:2:1)
    at <unknown> (./src/app/api/products/[id]/reviews/route.ts:4:1)
    at <unknown> (./src/app/api/user/addresses/route.ts:4:1)
    at <unknown> (./src/app/api/user/wishlist/route.ts:4:1)
